#
# There is insufficient memory for the Java Runtime Environment to continue.
# Native memory allocation (malloc) failed to allocate 1823904 bytes. Error detail: Chunk::new
# Possible reasons:
#   The system is out of physical RAM or swap space
#   This process is running with CompressedOops enabled, and the Java Heap may be blocking the growth of the native heap
# Possible solutions:
#   Reduce memory load on the system
#   Increase physical memory or swap space
#   Check if swap backing store is full
#   Decrease Java heap size (-Xmx/-Xms)
#   Decrease number of Java threads
#   Decrease Java thread stack sizes (-Xss)
#   Set larger code cache with -XX:ReservedCodeCacheSize=
#   JVM is running with Unscaled Compressed Oops mode in which the Java heap is
#     placed in the first 4GB address space. The Java Heap base address is the
#     maximum limit for the native heap growth. Please use -XX:HeapBaseMinAddress
#     to set the Java Heap base and to place the Java Heap above 4GB virtual address.
# This output file may be truncated or incomplete.
#
#  Out of Memory Error (arena.cpp:168), pid=38216, tid=36556
#
# JRE version: OpenJDK Runtime Environment Temurin-21.0.5+11 (21.0.5+11) (build 21.0.5+11-LTS)
# Java VM: OpenJDK 64-Bit Server VM Temurin-21.0.5+11 (21.0.5+11-LTS, mixed mode, sharing, tiered, compressed oops, compressed class ptrs, parallel gc, windows-amd64)
# No core dump will be written. Minidumps are not enabled by default on client versions of Windows
#

---------------  S U M M A R Y ------------

Command Line: --add-modules=ALL-SYSTEM --add-opens=java.base/java.util=ALL-UNNAMED --add-opens=java.base/java.lang=ALL-UNNAMED --add-opens=java.base/sun.nio.fs=ALL-UNNAMED -Declipse.application=org.eclipse.jdt.ls.core.id1 -Dosgi.bundles.defaultStartLevel=4 -Declipse.product=org.eclipse.jdt.ls.core.product -Djava.import.generatesMetadataFilesAtProjectRoot=false -DDetectVMInstallationsJob.disabled=true -Dfile.encoding=utf8 -XX:+UseParallelGC -XX:GCTimeRatio=4 -XX:AdaptiveSizePolicyWeight=90 -Dsun.zip.disableMemoryMapping=true -Xmx1G -Xms100m -Xlog:disable -javaagent:c:\Users\dhruv\.vscode\extensions\redhat.java-1.39.0-win32-x64\lombok\lombok-1.18.34.jar -XX:+HeapDumpOnOutOfMemoryError -XX:HeapDumpPath=c:\Users\dhruv\AppData\Roaming\Code\User\workspaceStorage\d80fb5c94f2c9e2fe668ef71fe65d4a2\redhat.java -Daether.dependencyCollector.impl=bf c:\Users\dhruv\.vscode\extensions\redhat.java-1.39.0-win32-x64\server\plugins\org.eclipse.equinox.launcher_1.6.900.v20240613-2009.jar -configuration c:\Users\dhruv\AppData\Roaming\Code\User\globalStorage\redhat.java\1.39.0\config_win -data c:\Users\dhruv\AppData\Roaming\Code\User\workspaceStorage\d80fb5c94f2c9e2fe668ef71fe65d4a2\redhat.java\jdt_ws --pipe=\\.\pipe\lsp-f985363482994b3475101afdfd38c5a8-sock

Host: AMD Ryzen 7 5800H with Radeon Graphics         , 16 cores, 7G,  Windows 11 , 64 bit Build 26100 (10.0.26100.3037)
Time: Thu Feb 20 18:38:32 2025 India Standard Time elapsed time: 57.799199 seconds (0d 0h 0m 57s)

---------------  T H R E A D  ---------------

Current thread (0x00000269da8816d0):  JavaThread "C2 CompilerThread0" daemon [_thread_in_native, id=36556, stack(0x000000a5f2a00000,0x000000a5f2b00000) (1024K)]


Current CompileTask:
C2:57799 13539       4       org.eclipse.jdt.internal.compiler.lookup.SplitPackageBinding::combineAll (202 bytes)

Stack: [0x000000a5f2a00000,0x000000a5f2b00000]
Native frames: (J=compiled Java code, j=interpreted, Vv=VM code, C=native code)
V  [jvm.dll+0x6cd4e9]
V  [jvm.dll+0x8a7941]
V  [jvm.dll+0x8a9e6e]
V  [jvm.dll+0x8aa543]
V  [jvm.dll+0x27f6d6]
V  [jvm.dll+0xc500d]
V  [jvm.dll+0xc5543]
V  [jvm.dll+0x3b660c]
V  [jvm.dll+0x382835]
V  [jvm.dll+0x381c9a]
V  [jvm.dll+0x2479d0]
V  [jvm.dll+0x246faf]
V  [jvm.dll+0x1c75ce]
V  [jvm.dll+0x25682a]
V  [jvm.dll+0x254dca]
V  [jvm.dll+0x3f00d6]
V  [jvm.dll+0x8514fb]
V  [jvm.dll+0x6cbbed]
C  [ucrtbase.dll+0x37b0]
C  [KERNEL32.DLL+0x2e8d7]
C  [ntdll.dll+0xbbf2c]


---------------  P R O C E S S  ---------------

Threads class SMR info:
_java_thread_list=0x00000269e3b38a90, length=100, elements={
0x00000269c29ba780, 0x00000269da868370, 0x00000269d918e5a0, 0x00000269da86af40,
0x00000269da86bb90, 0x00000269da86dcc0, 0x00000269da87a700, 0x00000269da8816d0,
0x00000269da884ec0, 0x00000269da97e5e0, 0x00000269da97d230, 0x00000269da97d8c0,
0x00000269da97b160, 0x00000269da97df50, 0x00000269da97b7f0, 0x00000269da97be80,
0x00000269da97c510, 0x00000269e0563400, 0x00000269e0564e40, 0x00000269e0565b60,
0x00000269e05654d0, 0x00000269e05661f0, 0x00000269e0562d70, 0x00000269e0566f10,
0x00000269e0564120, 0x00000269e0566880, 0x00000269e0563a90, 0x00000269e05675a0,
0x00000269e0567c30, 0x00000269e05647b0, 0x00000269e05682c0, 0x00000269e0568950,
0x00000269e0569670, 0x00000269e0568fe0, 0x00000269e0569d00, 0x00000269e056a390,
0x00000269e37da2d0, 0x00000269e37d9c40, 0x00000269e37dbd10, 0x00000269e37da960,
0x00000269e37daff0, 0x00000269e37db680, 0x00000269e37dc3a0, 0x00000269e37dca30,
0x00000269e37d95b0, 0x00000269e37dd0c0, 0x00000269e37e0bd0, 0x00000269e37de470,
0x00000269e37df190, 0x00000269e37ddde0, 0x00000269e37dd750, 0x00000269e37deb00,
0x00000269e37dfeb0, 0x00000269e11978d0, 0x00000269e1197240, 0x00000269e1198c80,
0x00000269e1199310, 0x00000269e11999a0, 0x00000269e119a030, 0x00000269e119a6c0,
0x00000269e119ad50, 0x00000269e11985f0, 0x00000269e119b3e0, 0x00000269e1197f60,
0x00000269e119e1d0, 0x00000269e119ce20, 0x00000269e119d4b0, 0x00000269e119ba70,
0x00000269e119db40, 0x00000269e119e860, 0x00000269e119c100, 0x00000269e119c790,
0x00000269ef1eec10, 0x00000269ef1ed1d0, 0x00000269ef1ecb40, 0x00000269ef1edef0,
0x00000269ef1ed860, 0x00000269ef1eb790, 0x00000269ef1ef2a0, 0x00000269ef1ebe20,
0x00000269ef1ec4b0, 0x00000269ef1f0650, 0x00000269ef1effc0, 0x00000269ef1f1370,
0x00000269ef1f2090, 0x00000269ef1f1a00, 0x00000269ef1f0ce0, 0x00000269ef1f2720,
0x00000269ef1f2db0, 0x00000269eedd2620, 0x00000269eedd39d0, 0x00000269eedd4060,
0x00000269eedd3340, 0x00000269eedd0be0, 0x00000269eedd46f0, 0x00000269eedd1270,
0x00000269eedd1f90, 0x00000269eedd1900, 0x00000269ef57c390, 0x00000269ef57a180
}

Java Threads: ( => current thread )
  0x00000269c29ba780 JavaThread "main"                              [_thread_blocked, id=29896, stack(0x000000a5f2000000,0x000000a5f2100000) (1024K)]
  0x00000269da868370 JavaThread "Reference Handler"          daemon [_thread_blocked, id=35720, stack(0x000000a5f2400000,0x000000a5f2500000) (1024K)]
  0x00000269d918e5a0 JavaThread "Finalizer"                  daemon [_thread_blocked, id=5536, stack(0x000000a5f2500000,0x000000a5f2600000) (1024K)]
  0x00000269da86af40 JavaThread "Signal Dispatcher"          daemon [_thread_blocked, id=43836, stack(0x000000a5f2600000,0x000000a5f2700000) (1024K)]
  0x00000269da86bb90 JavaThread "Attach Listener"            daemon [_thread_blocked, id=22380, stack(0x000000a5f2700000,0x000000a5f2800000) (1024K)]
  0x00000269da86dcc0 JavaThread "Service Thread"             daemon [_thread_blocked, id=31876, stack(0x000000a5f2800000,0x000000a5f2900000) (1024K)]
  0x00000269da87a700 JavaThread "Monitor Deflation Thread"   daemon [_thread_blocked, id=35128, stack(0x000000a5f2900000,0x000000a5f2a00000) (1024K)]
=>0x00000269da8816d0 JavaThread "C2 CompilerThread0"         daemon [_thread_in_native, id=36556, stack(0x000000a5f2a00000,0x000000a5f2b00000) (1024K)]
  0x00000269da884ec0 JavaThread "C1 CompilerThread0"         daemon [_thread_blocked, id=30408, stack(0x000000a5f2b00000,0x000000a5f2c00000) (1024K)]
  0x00000269da97e5e0 JavaThread "Common-Cleaner"             daemon [_thread_blocked, id=37500, stack(0x000000a5f2c00000,0x000000a5f2d00000) (1024K)]
  0x00000269da97d230 JavaThread "Notification Thread"        daemon [_thread_blocked, id=43880, stack(0x000000a5f3100000,0x000000a5f3200000) (1024K)]
  0x00000269da97d8c0 JavaThread "Active Thread: Equinox Container: 4fda0f13-3d6c-4b17-a69c-2e690ccd1570"        [_thread_blocked, id=10056, stack(0x000000a5f3700000,0x000000a5f3800000) (1024K)]
  0x00000269da97b160 JavaThread "Refresh Thread: Equinox Container: 4fda0f13-3d6c-4b17-a69c-2e690ccd1570" daemon [_thread_blocked, id=43560, stack(0x000000a5f2e00000,0x000000a5f2f00000) (1024K)]
  0x00000269da97df50 JavaThread "Framework Event Dispatcher: Equinox Container: 4fda0f13-3d6c-4b17-a69c-2e690ccd1570" daemon [_thread_blocked, id=26940, stack(0x000000a5f3000000,0x000000a5f3100000) (1024K)]
  0x00000269da97b7f0 JavaThread "Start Level: Equinox Container: 4fda0f13-3d6c-4b17-a69c-2e690ccd1570" daemon [_thread_blocked, id=21652, stack(0x000000a5f3900000,0x000000a5f3a00000) (1024K)]
  0x00000269da97be80 JavaThread "Bundle File Closer"         daemon [_thread_blocked, id=31484, stack(0x000000a5f3a00000,0x000000a5f3b00000) (1024K)]
  0x00000269da97c510 JavaThread "SCR Component Actor"        daemon [_thread_blocked, id=19504, stack(0x000000a5f3d00000,0x000000a5f3e00000) (1024K)]
  0x00000269e0563400 JavaThread "Worker-JM"                         [_thread_blocked, id=17008, stack(0x000000a5f4400000,0x000000a5f4500000) (1024K)]
  0x00000269e0564e40 JavaThread "JNA Cleaner"                daemon [_thread_blocked, id=6784, stack(0x000000a5f4500000,0x000000a5f4600000) (1024K)]
  0x00000269e0565b60 JavaThread "Worker-0"                          [_thread_blocked, id=42692, stack(0x000000a5f4600000,0x000000a5f4700000) (1024K)]
  0x00000269e05654d0 JavaThread "Worker-1"                          [_thread_blocked, id=31824, stack(0x000000a5f4700000,0x000000a5f4800000) (1024K)]
  0x00000269e05661f0 JavaThread "Java indexing"              daemon [_thread_blocked, id=27100, stack(0x000000a5f4800000,0x000000a5f4900000) (1024K)]
  0x00000269e0562d70 JavaThread "Worker-2"                          [_thread_blocked, id=23632, stack(0x000000a5f4b00000,0x000000a5f4c00000) (1024K)]
  0x00000269e0566f10 JavaThread "Worker-3"                          [_thread_blocked, id=14316, stack(0x000000a5f4c00000,0x000000a5f4d00000) (1024K)]
  0x00000269e0564120 JavaThread "Thread-2"                   daemon [_thread_in_native, id=41808, stack(0x000000a5f4d00000,0x000000a5f4e00000) (1024K)]
  0x00000269e0566880 JavaThread "Thread-3"                   daemon [_thread_in_native, id=8172, stack(0x000000a5f4e00000,0x000000a5f4f00000) (1024K)]
  0x00000269e0563a90 JavaThread "Thread-4"                   daemon [_thread_in_native, id=32760, stack(0x000000a5f4f00000,0x000000a5f5000000) (1024K)]
  0x00000269e05675a0 JavaThread "Thread-5"                   daemon [_thread_in_native, id=26424, stack(0x000000a5f5000000,0x000000a5f5100000) (1024K)]
  0x00000269e0567c30 JavaThread "Thread-6"                   daemon [_thread_in_native, id=43068, stack(0x000000a5f5100000,0x000000a5f5200000) (1024K)]
  0x00000269e05647b0 JavaThread "Thread-7"                   daemon [_thread_in_native, id=25556, stack(0x000000a5f5200000,0x000000a5f5300000) (1024K)]
  0x00000269e05682c0 JavaThread "Thread-8"                   daemon [_thread_in_native, id=4164, stack(0x000000a5f5300000,0x000000a5f5400000) (1024K)]
  0x00000269e0568950 JavaThread "Thread-9"                   daemon [_thread_in_native, id=41916, stack(0x000000a5f5400000,0x000000a5f5500000) (1024K)]
  0x00000269e0569670 JavaThread "Thread-10"                  daemon [_thread_in_native, id=42612, stack(0x000000a5f5500000,0x000000a5f5600000) (1024K)]
  0x00000269e0568fe0 JavaThread "Thread-11"                  daemon [_thread_in_native, id=31080, stack(0x000000a5f5600000,0x000000a5f5700000) (1024K)]
  0x00000269e0569d00 JavaThread "Thread-12"                  daemon [_thread_in_native, id=31280, stack(0x000000a5f5700000,0x000000a5f5800000) (1024K)]
  0x00000269e056a390 JavaThread "Thread-13"                  daemon [_thread_in_native, id=43268, stack(0x000000a5f5800000,0x000000a5f5900000) (1024K)]
  0x00000269e37da2d0 JavaThread "Thread-14"                  daemon [_thread_in_native, id=10700, stack(0x000000a5f5900000,0x000000a5f5a00000) (1024K)]
  0x00000269e37d9c40 JavaThread "Thread-15"                  daemon [_thread_in_native, id=36632, stack(0x000000a5f5a00000,0x000000a5f5b00000) (1024K)]
  0x00000269e37dbd10 JavaThread "Thread-16"                  daemon [_thread_in_native, id=30772, stack(0x000000a5f5b00000,0x000000a5f5c00000) (1024K)]
  0x00000269e37da960 JavaThread "Thread-17"                  daemon [_thread_in_native, id=37952, stack(0x000000a5f5c00000,0x000000a5f5d00000) (1024K)]
  0x00000269e37daff0 JavaThread "Thread-18"                  daemon [_thread_in_native, id=8956, stack(0x000000a5f5d00000,0x000000a5f5e00000) (1024K)]
  0x00000269e37db680 JavaThread "pool-2-thread-1"                   [_thread_blocked, id=33784, stack(0x000000a5f5e00000,0x000000a5f5f00000) (1024K)]
  0x00000269e37dc3a0 JavaThread "Worker-4"                          [_thread_blocked, id=18836, stack(0x000000a5f5f00000,0x000000a5f6000000) (1024K)]
  0x00000269e37dca30 JavaThread "WorkspaceEventsHandler"            [_thread_blocked, id=38552, stack(0x000000a5f6000000,0x000000a5f6100000) (1024K)]
  0x00000269e37d95b0 JavaThread "pool-1-thread-1"                   [_thread_blocked, id=27244, stack(0x000000a5f6100000,0x000000a5f6200000) (1024K)]
  0x00000269e37dd0c0 JavaThread "Worker-5"                          [_thread_blocked, id=13268, stack(0x000000a5f6300000,0x000000a5f6400000) (1024K)]
  0x00000269e37e0bd0 JavaThread "LocalFile Deleter"          daemon [_thread_blocked, id=18708, stack(0x000000a5f6700000,0x000000a5f6800000) (1024K)]
  0x00000269e37de470 JavaThread "LocalFile Deleter"          daemon [_thread_blocked, id=39828, stack(0x000000a5f6800000,0x000000a5f6900000) (1024K)]
  0x00000269e37df190 JavaThread "LocalFile Deleter"          daemon [_thread_blocked, id=33604, stack(0x000000a5f6900000,0x000000a5f6a00000) (1024K)]
  0x00000269e37ddde0 JavaThread "LocalFile Deleter"          daemon [_thread_blocked, id=21484, stack(0x000000a5f6a00000,0x000000a5f6b00000) (1024K)]
  0x00000269e37dd750 JavaThread "LocalFile Deleter"          daemon [_thread_blocked, id=18556, stack(0x000000a5f6b00000,0x000000a5f6c00000) (1024K)]
  0x00000269e37deb00 JavaThread "LocalFile Deleter"          daemon [_thread_blocked, id=21516, stack(0x000000a5f6c00000,0x000000a5f6d00000) (1024K)]
  0x00000269e37dfeb0 JavaThread "LocalFile Deleter"          daemon [_thread_blocked, id=11840, stack(0x000000a5f6d00000,0x000000a5f6e00000) (1024K)]
  0x00000269e11978d0 JavaThread "LocalFile Deleter"          daemon [_thread_blocked, id=30824, stack(0x000000a5f6e00000,0x000000a5f6f00000) (1024K)]
  0x00000269e1197240 JavaThread "LocalFile Deleter"          daemon [_thread_blocked, id=19940, stack(0x000000a5f6f00000,0x000000a5f7000000) (1024K)]
  0x00000269e1198c80 JavaThread "LocalFile Deleter"          daemon [_thread_blocked, id=42144, stack(0x000000a5f7000000,0x000000a5f7100000) (1024K)]
  0x00000269e1199310 JavaThread "LocalFile Deleter"          daemon [_thread_blocked, id=22512, stack(0x000000a5f7100000,0x000000a5f7200000) (1024K)]
  0x00000269e11999a0 JavaThread "LocalFile Deleter"          daemon [_thread_blocked, id=21376, stack(0x000000a5f7200000,0x000000a5f7300000) (1024K)]
  0x00000269e119a030 JavaThread "LocalFile Deleter"          daemon [_thread_blocked, id=16812, stack(0x000000a5f7300000,0x000000a5f7400000) (1024K)]
  0x00000269e119a6c0 JavaThread "LocalFile Deleter"          daemon [_thread_blocked, id=40908, stack(0x000000a5f7400000,0x000000a5f7500000) (1024K)]
  0x00000269e119ad50 JavaThread "LocalFile Deleter"          daemon [_thread_blocked, id=23488, stack(0x000000a5f7500000,0x000000a5f7600000) (1024K)]
  0x00000269e11985f0 JavaThread "LocalFile Deleter"          daemon [_thread_blocked, id=34820, stack(0x000000a5f7600000,0x000000a5f7700000) (1024K)]
  0x00000269e119b3e0 JavaThread "Compiler Source File Reader" daemon [_thread_blocked, id=23936, stack(0x000000a5f7700000,0x000000a5f7800000) (1024K)]
  0x00000269e1197f60 JavaThread "Compiler Source File Reader" daemon [_thread_blocked, id=32444, stack(0x000000a5f7800000,0x000000a5f7900000) (1024K)]
  0x00000269e119e1d0 JavaThread "Compiler Source File Reader" daemon [_thread_blocked, id=1628, stack(0x000000a5f7900000,0x000000a5f7a00000) (1024K)]
  0x00000269e119ce20 JavaThread "Compiler Source File Reader" daemon [_thread_blocked, id=21084, stack(0x000000a5f7a00000,0x000000a5f7b00000) (1024K)]
  0x00000269e119d4b0 JavaThread "Compiler Source File Reader" daemon [_thread_blocked, id=42520, stack(0x000000a5f7b00000,0x000000a5f7c00000) (1024K)]
  0x00000269e119ba70 JavaThread "Compiler Source File Reader" daemon [_thread_blocked, id=30508, stack(0x000000a5f7c00000,0x000000a5f7d00000) (1024K)]
  0x00000269e119db40 JavaThread "Compiler Source File Reader" daemon [_thread_blocked, id=34960, stack(0x000000a5f7d00000,0x000000a5f7e00000) (1024K)]
  0x00000269e119e860 JavaThread "Compiler Source File Reader" daemon [_thread_blocked, id=13596, stack(0x000000a5f7e00000,0x000000a5f7f00000) (1024K)]
  0x00000269e119c100 JavaThread "Compiler Source File Reader" daemon [_thread_blocked, id=43712, stack(0x000000a5f7f00000,0x000000a5f8000000) (1024K)]
  0x00000269e119c790 JavaThread "Compiler Source File Reader" daemon [_thread_blocked, id=38856, stack(0x000000a5f8000000,0x000000a5f8100000) (1024K)]
  0x00000269ef1eec10 JavaThread "Compiler Source File Reader" daemon [_thread_blocked, id=39708, stack(0x000000a5f8100000,0x000000a5f8200000) (1024K)]
  0x00000269ef1ed1d0 JavaThread "Compiler Source File Reader" daemon [_thread_blocked, id=11436, stack(0x000000a5f8200000,0x000000a5f8300000) (1024K)]
  0x00000269ef1ecb40 JavaThread "Compiler Source File Reader" daemon [_thread_blocked, id=33684, stack(0x000000a5f8300000,0x000000a5f8400000) (1024K)]
  0x00000269ef1edef0 JavaThread "Compiler Source File Reader" daemon [_thread_blocked, id=39504, stack(0x000000a5f8400000,0x000000a5f8500000) (1024K)]
  0x00000269ef1ed860 JavaThread "Compiler Processing Task"   daemon [_thread_blocked, id=39568, stack(0x000000a5f8500000,0x000000a5f8600000) (1024K)]
  0x00000269ef1eb790 JavaThread "Compiler Class File Writer" daemon [_thread_blocked, id=33972, stack(0x000000a5f8600000,0x000000a5f8700000) (1024K)]
  0x00000269ef1ef2a0 JavaThread "Compiler Class File Writer" daemon [_thread_blocked, id=42016, stack(0x000000a5f8700000,0x000000a5f8800000) (1024K)]
  0x00000269ef1ebe20 JavaThread "Compiler Class File Writer" daemon [_thread_blocked, id=43100, stack(0x000000a5f8800000,0x000000a5f8900000) (1024K)]
  0x00000269ef1ec4b0 JavaThread "Compiler Class File Writer" daemon [_thread_blocked, id=21892, stack(0x000000a5f8900000,0x000000a5f8a00000) (1024K)]
  0x00000269ef1f0650 JavaThread "Compiler Class File Writer" daemon [_thread_blocked, id=33036, stack(0x000000a5f8a00000,0x000000a5f8b00000) (1024K)]
  0x00000269ef1effc0 JavaThread "Compiler Class File Writer" daemon [_thread_blocked, id=40116, stack(0x000000a5f8b00000,0x000000a5f8c00000) (1024K)]
  0x00000269ef1f1370 JavaThread "Compiler Class File Writer" daemon [_thread_blocked, id=31840, stack(0x000000a5f8c00000,0x000000a5f8d00000) (1024K)]
  0x00000269ef1f2090 JavaThread "Compiler Class File Writer" daemon [_thread_blocked, id=16396, stack(0x000000a5f8d00000,0x000000a5f8e00000) (1024K)]
  0x00000269ef1f1a00 JavaThread "Compiler Class File Writer" daemon [_thread_blocked, id=17556, stack(0x000000a5f8e00000,0x000000a5f8f00000) (1024K)]
  0x00000269ef1f0ce0 JavaThread "Compiler Class File Writer" daemon [_thread_blocked, id=43244, stack(0x000000a5f8f00000,0x000000a5f9000000) (1024K)]
  0x00000269ef1f2720 JavaThread "Compiler Class File Writer" daemon [_thread_blocked, id=42600, stack(0x000000a5f9000000,0x000000a5f9100000) (1024K)]
  0x00000269ef1f2db0 JavaThread "Compiler Class File Writer" daemon [_thread_blocked, id=30732, stack(0x000000a5f9100000,0x000000a5f9200000) (1024K)]
  0x00000269eedd2620 JavaThread "Compiler Class File Writer" daemon [_thread_blocked, id=20448, stack(0x000000a5f9200000,0x000000a5f9300000) (1024K)]
  0x00000269eedd39d0 JavaThread "Compiler Class File Writer" daemon [_thread_blocked, id=36268, stack(0x000000a5f9300000,0x000000a5f9400000) (1024K)]
  0x00000269eedd4060 JavaThread "ForkJoinPool.commonPool-worker-1" daemon [_thread_blocked, id=28292, stack(0x000000a5f3e00000,0x000000a5f3f00000) (1024K)]
  0x00000269eedd3340 JavaThread "ForkJoinPool.commonPool-worker-2" daemon [_thread_blocked, id=24704, stack(0x000000a5f9400000,0x000000a5f9500000) (1024K)]
  0x00000269eedd0be0 JavaThread "ForkJoinPool.commonPool-worker-3" daemon [_thread_blocked, id=32812, stack(0x000000a5f9500000,0x000000a5f9600000) (1024K)]
  0x00000269eedd46f0 JavaThread "ForkJoinPool.commonPool-worker-4" daemon [_thread_blocked, id=44004, stack(0x000000a5f9600000,0x000000a5f9700000) (1024K)]
  0x00000269eedd1270 JavaThread "ForkJoinPool.commonPool-worker-5" daemon [_thread_blocked, id=39316, stack(0x000000a5f9700000,0x000000a5f9800000) (1024K)]
  0x00000269eedd1f90 JavaThread "ForkJoinPool.commonPool-worker-6" daemon [_thread_blocked, id=26532, stack(0x000000a5f9800000,0x000000a5f9900000) (1024K)]
  0x00000269eedd1900 JavaThread "Cleaner-0"                  daemon [_thread_blocked, id=21224, stack(0x000000a5f4100000,0x000000a5f4200000) (1024K)]
  0x00000269ef57c390 JavaThread "C1 CompilerThread1"         daemon [_thread_blocked, id=38816, stack(0x000000a5f3f00000,0x000000a5f4000000) (1024K)]
  0x00000269ef57a180 JavaThread "C1 CompilerThread2"         daemon [_thread_blocked, id=43948, stack(0x000000a5f4000000,0x000000a5f4100000) (1024K)]
Total: 100

Other Threads:
  0x00000269c44ce9f0 VMThread "VM Thread"                           [id=13564, stack(0x000000a5f2300000,0x000000a5f2400000) (1024K)]
  0x00000269d906ca00 WatcherThread "VM Periodic Task Thread"        [id=23828, stack(0x000000a5f2200000,0x000000a5f2300000) (1024K)]
  0x00000269c442ad40 WorkerThread "GC Thread#0"                     [id=5248, stack(0x000000a5f2100000,0x000000a5f2200000) (1024K)]
  0x00000269e09cfbb0 WorkerThread "GC Thread#1"                     [id=25552, stack(0x000000a5f3200000,0x000000a5f3300000) (1024K)]
  0x00000269e0353290 WorkerThread "GC Thread#2"                     [id=43308, stack(0x000000a5f3300000,0x000000a5f3400000) (1024K)]
  0x00000269e0353630 WorkerThread "GC Thread#3"                     [id=39888, stack(0x000000a5f3400000,0x000000a5f3500000) (1024K)]
  0x00000269e0353dd0 WorkerThread "GC Thread#4"                     [id=18828, stack(0x000000a5f3500000,0x000000a5f3600000) (1024K)]
  0x00000269e0354170 WorkerThread "GC Thread#5"                     [id=24764, stack(0x000000a5f3600000,0x000000a5f3700000) (1024K)]
  0x00000269e0bc4320 WorkerThread "GC Thread#6"                     [id=42348, stack(0x000000a5f2f00000,0x000000a5f3000000) (1024K)]
  0x00000269e0bc46c0 WorkerThread "GC Thread#7"                     [id=21644, stack(0x000000a5f3800000,0x000000a5f3900000) (1024K)]
  0x00000269e0412e10 WorkerThread "GC Thread#8"                     [id=13716, stack(0x000000a5f2d00000,0x000000a5f2e00000) (1024K)]
  0x00000269e0414770 WorkerThread "GC Thread#9"                     [id=31200, stack(0x000000a5f3b00000,0x000000a5f3c00000) (1024K)]
  0x00000269e04131b0 WorkerThread "GC Thread#10"                    [id=300, stack(0x000000a5f3c00000,0x000000a5f3d00000) (1024K)]
  0x00000269e04138f0 WorkerThread "GC Thread#11"                    [id=34164, stack(0x000000a5f4200000,0x000000a5f4300000) (1024K)]
  0x00000269dabddc10 WorkerThread "GC Thread#12"                    [id=28452, stack(0x000000a5f4300000,0x000000a5f4400000) (1024K)]
Total: 15

Threads with active compile tasks:
C2 CompilerThread0  57848 13539       4       org.eclipse.jdt.internal.compiler.lookup.SplitPackageBinding::combineAll (202 bytes)
Total: 1

VM state: not at safepoint (normal execution)

VM Mutex/Monitor currently owned by a thread: None

Heap address: 0x00000000c0000000, size: 1024 MB, Compressed Oops mode: 32-bit

CDS archive(s) mapped at: [0x0000026980000000-0x0000026980ba0000-0x0000026980ba0000), size 12189696, SharedBaseAddress: 0x0000026980000000, ArchiveRelocationMode: 1.
Compressed class space mapped at: 0x0000026981000000-0x00000269c1000000, reserved size: 1073741824
Narrow klass base: 0x0000026980000000, Narrow klass shift: 0, Narrow klass range: 0x100000000

GC Precious Log:
 CardTable entry size: 512
 CPUs: 16 total, 16 available
 Memory: 7521M
 Large Page Support: Disabled
 NUMA Support: Disabled
 Compressed Oops: Enabled (32-bit)
 Alignments: Space 512K, Generation 512K, Heap 2M
 Heap Min Capacity: 100M
 Heap Initial Capacity: 100M
 Heap Max Capacity: 1G
 Pre-touch: Disabled
 Parallel Workers: 13

Heap:
 PSYoungGen      total 2048K, used 1865K [0x00000000eab00000, 0x00000000eae80000, 0x0000000100000000)
  eden space 1536K, 94% used [0x00000000eab00000,0x00000000eac6a468,0x00000000eac80000)
  from space 512K, 81% used [0x00000000ead80000,0x00000000eade8000,0x00000000eae00000)
  to   space 512K, 0% used [0x00000000eae00000,0x00000000eae00000,0x00000000eae80000)
 ParOldGen       total 568832K, used 568691K [0x00000000c0000000, 0x00000000e2b80000, 0x00000000eab00000)
  object space 568832K, 99% used [0x00000000c0000000,0x00000000e2b5cf00,0x00000000e2b80000)
 Metaspace       used 75313K, committed 76736K, reserved 1179648K
  class space    used 7841K, committed 8448K, reserved 1048576K

Card table byte_map: [0x00000269d6a20000,0x00000269d6c30000] _byte_map_base: 0x00000269d6420000

Marking Bits: (ParMarkBitMap*) 0x00007ff910682250
 Begin Bits: [0x00000269d6d90000, 0x00000269d7d90000)
 End Bits:   [0x00000269d7d90000, 0x00000269d8d90000)

Polling page: 0x00000269c2b60000

Metaspace:

Usage:
  Non-class:     65.89 MB used.
      Class:      7.66 MB used.
       Both:     73.55 MB used.

Virtual space:
  Non-class space:      128.00 MB reserved,      66.69 MB ( 52%) committed,  2 nodes.
      Class space:        1.00 GB reserved,       8.25 MB ( <1%) committed,  1 nodes.
             Both:        1.12 GB reserved,      74.94 MB (  7%) committed. 

Chunk freelists:
   Non-Class:  12.78 MB
       Class:  7.77 MB
        Both:  20.56 MB

MaxMetaspaceSize: unlimited
CompressedClassSpaceSize: 1.00 GB
Initial GC threshold: 21.00 MB
Current GC threshold: 97.31 MB
CDS: on
 - commit_granule_bytes: 65536.
 - commit_granule_words: 8192.
 - virtual_space_node_default_size: 8388608.
 - enlarge_chunks_in_place: 1.
 - use_allocation_guard: 0.


Internal statistics:

num_allocs_failed_limit: 9.
num_arena_births: 1248.
num_arena_deaths: 14.
num_vsnodes_births: 3.
num_vsnodes_deaths: 0.
num_space_committed: 1199.
num_space_uncommitted: 0.
num_chunks_returned_to_freelist: 23.
num_chunks_taken_from_freelist: 4636.
num_chunk_merges: 11.
num_chunk_splits: 2848.
num_chunks_enlarged: 1627.
num_inconsistent_stats: 0.

CodeHeap 'non-profiled nmethods': size=119168Kb used=9754Kb max_used=9754Kb free=109413Kb
 bounds [0x00000269cf3e0000, 0x00000269cfd70000, 0x00000269d6840000]
CodeHeap 'profiled nmethods': size=119104Kb used=29572Kb max_used=29572Kb free=89531Kb
 bounds [0x00000269c7840000, 0x00000269c9530000, 0x00000269cec90000]
CodeHeap 'non-nmethods': size=7488Kb used=2626Kb max_used=3210Kb free=4861Kb
 bounds [0x00000269cec90000, 0x00000269cf000000, 0x00000269cf3e0000]
 total_blobs=13612 nmethods=12790 adapters=723
 compilation: enabled
              stopped_count=0, restarted_count=0
 full_count=0

Compilation events (20 events):
Event: 56.906 Thread 0x00000269ef57a180 13565       3       org.eclipse.jface.text.GapTextStore::replace (46 bytes)
Event: 56.906 Thread 0x00000269ef57c390 13566       3       org.eclipse.jface.text.GapTextStore::adjustGap (89 bytes)
Event: 56.906 Thread 0x00000269da884ec0 13567       3       org.eclipse.jface.text.GapTextStore::arrayCopy (18 bytes)
Event: 56.906 Thread 0x00000269da884ec0 nmethod 13567 0x00000269c951a410 code [0x00000269c951a5c0, 0x00000269c951a7b0]
Event: 56.906 Thread 0x00000269ef57c390 nmethod 13566 0x00000269c951a890 code [0x00000269c951aa60, 0x00000269c951ad48]
Event: 56.906 Thread 0x00000269ef57a180 nmethod 13565 0x00000269c951ae90 code [0x00000269c951b080, 0x00000269c951b400]
Event: 57.532 Thread 0x00000269ef57a180 13568       3       sun.nio.ch.Util$BufferCache::get (164 bytes)
Event: 57.532 Thread 0x00000269ef57c390 13569       3       java.util.concurrent.ForkJoinPool::poolSubmit (73 bytes)
Event: 57.532 Thread 0x00000269da884ec0 13570   !   3       java.util.concurrent.ForkJoinPool$WorkQueue::push (209 bytes)
Event: 57.533 Thread 0x00000269ef57a180 nmethod 13568 0x00000269c951b590 code [0x00000269c951b7c0, 0x00000269c951c118]
Event: 57.533 Thread 0x00000269ef57a180 13572       3       sun.nio.ch.Util::getTemporaryDirectBuffer (55 bytes)
Event: 57.533 Thread 0x00000269ef57c390 nmethod 13569 0x00000269c951c410 code [0x00000269c951c620, 0x00000269c951cc20]
Event: 57.533 Thread 0x00000269ef57c390 13571   !   3       java.util.concurrent.ForkJoinTask::doExec (37 bytes)
Event: 57.533 Thread 0x00000269ef57c390 nmethod 13571 0x00000269c951ce10 code [0x00000269c951d000, 0x00000269c951d480]
Event: 57.533 Thread 0x00000269da884ec0 nmethod 13570 0x00000269c951d610 code [0x00000269c951d840, 0x00000269c951e210]
Event: 57.533 Thread 0x00000269ef57a180 nmethod 13572 0x00000269c951e510 code [0x00000269c951e7a0, 0x00000269c951f2c8]
Event: 57.534 Thread 0x00000269ef57a180 13573       3       sun.nio.ch.Util::offerFirstTemporaryDirectBuffer (53 bytes)
Event: 57.534 Thread 0x00000269da884ec0 13574       3       sun.nio.ch.Util$BufferCache::offerFirst (73 bytes)
Event: 57.534 Thread 0x00000269da884ec0 nmethod 13574 0x00000269c951f690 code [0x00000269c951f840, 0x00000269c951fb68]
Event: 57.795 Thread 0x00000269ef57a180 nmethod 13573 0x00000269c951fc90 code [0x00000269c951ff00, 0x00000269c95209d0]

GC Heap History (20 events):
Event: 56.060 GC heap before
{Heap before GC invocations=489 (full 3):
 PSYoungGen      total 3072K, used 3058K [0x00000000eab00000, 0x00000000eb380000, 0x0000000100000000)
  eden space 2560K, 100% used [0x00000000eab00000,0x00000000ead80000,0x00000000ead80000)
  from space 512K, 97% used [0x00000000eae00000,0x00000000eae7c860,0x00000000eae80000)
  to   space 3072K, 0% used [0x00000000eb080000,0x00000000eb080000,0x00000000eb380000)
 ParOldGen       total 559616K, used 559404K [0x00000000c0000000, 0x00000000e2280000, 0x00000000eab00000)
  object space 559616K, 99% used [0x00000000c0000000,0x00000000e224b040,0x00000000e2280000)
 Metaspace       used 75261K, committed 76672K, reserved 1179648K
  class space    used 7841K, committed 8448K, reserved 1048576K
}
Event: 56.062 GC heap after
{Heap after GC invocations=489 (full 3):
 PSYoungGen      total 5632K, used 2688K [0x00000000eab00000, 0x00000000eb380000, 0x0000000100000000)
  eden space 2560K, 0% used [0x00000000eab00000,0x00000000eab00000,0x00000000ead80000)
  from space 3072K, 87% used [0x00000000eb080000,0x00000000eb320000,0x00000000eb380000)
  to   space 3072K, 0% used [0x00000000ead80000,0x00000000ead80000,0x00000000eb080000)
 ParOldGen       total 560640K, used 560408K [0x00000000c0000000, 0x00000000e2380000, 0x00000000eab00000)
  object space 560640K, 99% used [0x00000000c0000000,0x00000000e2346100,0x00000000e2380000)
 Metaspace       used 75261K, committed 76672K, reserved 1179648K
  class space    used 7841K, committed 8448K, reserved 1048576K
}
Event: 56.084 GC heap before
{Heap before GC invocations=490 (full 3):
 PSYoungGen      total 5632K, used 5248K [0x00000000eab00000, 0x00000000eb380000, 0x0000000100000000)
  eden space 2560K, 100% used [0x00000000eab00000,0x00000000ead80000,0x00000000ead80000)
  from space 3072K, 87% used [0x00000000eb080000,0x00000000eb320000,0x00000000eb380000)
  to   space 3072K, 0% used [0x00000000ead80000,0x00000000ead80000,0x00000000eb080000)
 ParOldGen       total 560640K, used 560408K [0x00000000c0000000, 0x00000000e2380000, 0x00000000eab00000)
  object space 560640K, 99% used [0x00000000c0000000,0x00000000e2346100,0x00000000e2380000)
 Metaspace       used 75261K, committed 76672K, reserved 1179648K
  class space    used 7841K, committed 8448K, reserved 1048576K
}
Event: 56.086 GC heap after
{Heap after GC invocations=490 (full 3):
 PSYoungGen      total 5120K, used 2176K [0x00000000eab00000, 0x00000000eb280000, 0x0000000100000000)
  eden space 2560K, 0% used [0x00000000eab00000,0x00000000eab00000,0x00000000ead80000)
  from space 2560K, 85% used [0x00000000ead80000,0x00000000eafa0300,0x00000000eb000000)
  to   space 2560K, 0% used [0x00000000eb000000,0x00000000eb000000,0x00000000eb280000)
 ParOldGen       total 563200K, used 562960K [0x00000000c0000000, 0x00000000e2600000, 0x00000000eab00000)
  object space 563200K, 99% used [0x00000000c0000000,0x00000000e25c4100,0x00000000e2600000)
 Metaspace       used 75261K, committed 76672K, reserved 1179648K
  class space    used 7841K, committed 8448K, reserved 1048576K
}
Event: 56.093 GC heap before
{Heap before GC invocations=491 (full 3):
 PSYoungGen      total 5120K, used 4736K [0x00000000eab00000, 0x00000000eb280000, 0x0000000100000000)
  eden space 2560K, 100% used [0x00000000eab00000,0x00000000ead80000,0x00000000ead80000)
  from space 2560K, 85% used [0x00000000ead80000,0x00000000eafa0300,0x00000000eb000000)
  to   space 2560K, 0% used [0x00000000eb000000,0x00000000eb000000,0x00000000eb280000)
 ParOldGen       total 563200K, used 562960K [0x00000000c0000000, 0x00000000e2600000, 0x00000000eab00000)
  object space 563200K, 99% used [0x00000000c0000000,0x00000000e25c4100,0x00000000e2600000)
 Metaspace       used 75261K, committed 76672K, reserved 1179648K
  class space    used 7841K, committed 8448K, reserved 1048576K
}
Event: 56.095 GC heap after
{Heap after GC invocations=491 (full 3):
 PSYoungGen      total 3072K, used 2548K [0x00000000eab00000, 0x00000000eb880000, 0x0000000100000000)
  eden space 512K, 0% used [0x00000000eab00000,0x00000000eab00000,0x00000000eab80000)
  from space 2560K, 99% used [0x00000000eb000000,0x00000000eb27d000,0x00000000eb280000)
  to   space 4608K, 0% used [0x00000000eab80000,0x00000000eab80000,0x00000000eb000000)
 ParOldGen       total 565760K, used 565347K [0x00000000c0000000, 0x00000000e2880000, 0x00000000eab00000)
  object space 565760K, 99% used [0x00000000c0000000,0x00000000e2818f00,0x00000000e2880000)
 Metaspace       used 75261K, committed 76672K, reserved 1179648K
  class space    used 7841K, committed 8448K, reserved 1048576K
}
Event: 56.096 GC heap before
{Heap before GC invocations=492 (full 3):
 PSYoungGen      total 3072K, used 3046K [0x00000000eab00000, 0x00000000eb880000, 0x0000000100000000)
  eden space 512K, 97% used [0x00000000eab00000,0x00000000eab7c8e0,0x00000000eab80000)
  from space 2560K, 99% used [0x00000000eb000000,0x00000000eb27d000,0x00000000eb280000)
  to   space 4608K, 0% used [0x00000000eab80000,0x00000000eab80000,0x00000000eb000000)
 ParOldGen       total 565760K, used 565347K [0x00000000c0000000, 0x00000000e2880000, 0x00000000eab00000)
  object space 565760K, 99% used [0x00000000c0000000,0x00000000e2818f00,0x00000000e2880000)
 Metaspace       used 75261K, committed 76672K, reserved 1179648K
  class space    used 7841K, committed 8448K, reserved 1048576K
}
Event: 56.100 GC heap after
{Heap after GC invocations=492 (full 3):
 PSYoungGen      total 1536K, used 656K [0x00000000eab00000, 0x00000000eb100000, 0x0000000100000000)
  eden space 512K, 0% used [0x00000000eab00000,0x00000000eab00000,0x00000000eab80000)
  from space 1024K, 64% used [0x00000000eab80000,0x00000000eac24000,0x00000000eac80000)
  to   space 2560K, 0% used [0x00000000eae80000,0x00000000eae80000,0x00000000eb100000)
 ParOldGen       total 567808K, used 567747K [0x00000000c0000000, 0x00000000e2a80000, 0x00000000eab00000)
  object space 567808K, 99% used [0x00000000c0000000,0x00000000e2a70f00,0x00000000e2a80000)
 Metaspace       used 75261K, committed 76672K, reserved 1179648K
  class space    used 7841K, committed 8448K, reserved 1048576K
}
Event: 56.125 GC heap before
{Heap before GC invocations=493 (full 3):
 PSYoungGen      total 1536K, used 1167K [0x00000000eab00000, 0x00000000eb100000, 0x0000000100000000)
  eden space 512K, 99% used [0x00000000eab00000,0x00000000eab7ff98,0x00000000eab80000)
  from space 1024K, 64% used [0x00000000eab80000,0x00000000eac24000,0x00000000eac80000)
  to   space 2560K, 0% used [0x00000000eae80000,0x00000000eae80000,0x00000000eb100000)
 ParOldGen       total 567808K, used 567747K [0x00000000c0000000, 0x00000000e2a80000, 0x00000000eab00000)
  object space 567808K, 99% used [0x00000000c0000000,0x00000000e2a70f00,0x00000000e2a80000)
 Metaspace       used 75261K, committed 76672K, reserved 1179648K
  class space    used 7841K, committed 8448K, reserved 1048576K
}
Event: 56.127 GC heap after
{Heap after GC invocations=493 (full 3):
 PSYoungGen      total 2048K, used 552K [0x00000000eab00000, 0x00000000eaf80000, 0x0000000100000000)
  eden space 1024K, 0% used [0x00000000eab00000,0x00000000eab00000,0x00000000eac00000)
  from space 1024K, 53% used [0x00000000eae80000,0x00000000eaf0a000,0x00000000eaf80000)
  to   space 1024K, 0% used [0x00000000ead80000,0x00000000ead80000,0x00000000eae80000)
 ParOldGen       total 568320K, used 568099K [0x00000000c0000000, 0x00000000e2b00000, 0x00000000eab00000)
  object space 568320K, 99% used [0x00000000c0000000,0x00000000e2ac8f00,0x00000000e2b00000)
 Metaspace       used 75261K, committed 76672K, reserved 1179648K
  class space    used 7841K, committed 8448K, reserved 1048576K
}
Event: 56.147 GC heap before
{Heap before GC invocations=494 (full 3):
 PSYoungGen      total 2048K, used 1576K [0x00000000eab00000, 0x00000000eaf80000, 0x0000000100000000)
  eden space 1024K, 100% used [0x00000000eab00000,0x00000000eac00000,0x00000000eac00000)
  from space 1024K, 53% used [0x00000000eae80000,0x00000000eaf0a000,0x00000000eaf80000)
  to   space 1024K, 0% used [0x00000000ead80000,0x00000000ead80000,0x00000000eae80000)
 ParOldGen       total 568320K, used 568099K [0x00000000c0000000, 0x00000000e2b00000, 0x00000000eab00000)
  object space 568320K, 99% used [0x00000000c0000000,0x00000000e2ac8f00,0x00000000e2b00000)
 Metaspace       used 75290K, committed 76736K, reserved 1179648K
  class space    used 7841K, committed 8448K, reserved 1048576K
}
Event: 56.148 GC heap after
{Heap after GC invocations=494 (full 3):
 PSYoungGen      total 2560K, used 320K [0x00000000eab00000, 0x00000000eaf00000, 0x0000000100000000)
  eden space 1536K, 0% used [0x00000000eab00000,0x00000000eab00000,0x00000000eac80000)
  from space 1024K, 31% used [0x00000000ead80000,0x00000000eadd0000,0x00000000eae80000)
  to   space 512K, 0% used [0x00000000eae80000,0x00000000eae80000,0x00000000eaf00000)
 ParOldGen       total 568832K, used 568547K [0x00000000c0000000, 0x00000000e2b80000, 0x00000000eab00000)
  object space 568832K, 99% used [0x00000000c0000000,0x00000000e2b38f00,0x00000000e2b80000)
 Metaspace       used 75290K, committed 76736K, reserved 1179648K
  class space    used 7841K, committed 8448K, reserved 1048576K
}
Event: 56.452 GC heap before
{Heap before GC invocations=495 (full 3):
 PSYoungGen      total 2560K, used 1856K [0x00000000eab00000, 0x00000000eaf00000, 0x0000000100000000)
  eden space 1536K, 100% used [0x00000000eab00000,0x00000000eac80000,0x00000000eac80000)
  from space 1024K, 31% used [0x00000000ead80000,0x00000000eadd0000,0x00000000eae80000)
  to   space 512K, 0% used [0x00000000eae80000,0x00000000eae80000,0x00000000eaf00000)
 ParOldGen       total 568832K, used 568547K [0x00000000c0000000, 0x00000000e2b80000, 0x00000000eab00000)
  object space 568832K, 99% used [0x00000000c0000000,0x00000000e2b38f00,0x00000000e2b80000)
 Metaspace       used 75290K, committed 76736K, reserved 1179648K
  class space    used 7841K, committed 8448K, reserved 1048576K
}
Event: 56.453 GC heap after
{Heap after GC invocations=495 (full 3):
 PSYoungGen      total 2048K, used 496K [0x00000000eab00000, 0x00000000eaf00000, 0x0000000100000000)
  eden space 1536K, 0% used [0x00000000eab00000,0x00000000eab00000,0x00000000eac80000)
  from space 512K, 96% used [0x00000000eae80000,0x00000000eaefc010,0x00000000eaf00000)
  to   space 1024K, 0% used [0x00000000ead00000,0x00000000ead00000,0x00000000eae00000)
 ParOldGen       total 568832K, used 568619K [0x00000000c0000000, 0x00000000e2b80000, 0x00000000eab00000)
  object space 568832K, 99% used [0x00000000c0000000,0x00000000e2b4af00,0x00000000e2b80000)
 Metaspace       used 75290K, committed 76736K, reserved 1179648K
  class space    used 7841K, committed 8448K, reserved 1048576K
}
Event: 56.458 GC heap before
{Heap before GC invocations=496 (full 3):
 PSYoungGen      total 2048K, used 2032K [0x00000000eab00000, 0x00000000eaf00000, 0x0000000100000000)
  eden space 1536K, 100% used [0x00000000eab00000,0x00000000eac80000,0x00000000eac80000)
  from space 512K, 96% used [0x00000000eae80000,0x00000000eaefc010,0x00000000eaf00000)
  to   space 1024K, 0% used [0x00000000ead00000,0x00000000ead00000,0x00000000eae00000)
 ParOldGen       total 568832K, used 568619K [0x00000000c0000000, 0x00000000e2b80000, 0x00000000eab00000)
  object space 568832K, 99% used [0x00000000c0000000,0x00000000e2b4af00,0x00000000e2b80000)
 Metaspace       used 75293K, committed 76736K, reserved 1179648K
  class space    used 7841K, committed 8448K, reserved 1048576K
}
Event: 56.459 GC heap after
{Heap after GC invocations=496 (full 3):
 PSYoungGen      total 2560K, used 496K [0x00000000eab00000, 0x00000000eaf00000, 0x0000000100000000)
  eden space 1536K, 0% used [0x00000000eab00000,0x00000000eab00000,0x00000000eac80000)
  from space 1024K, 48% used [0x00000000ead00000,0x00000000ead7c010,0x00000000eae00000)
  to   space 1024K, 0% used [0x00000000eae00000,0x00000000eae00000,0x00000000eaf00000)
 ParOldGen       total 568832K, used 568675K [0x00000000c0000000, 0x00000000e2b80000, 0x00000000eab00000)
  object space 568832K, 99% used [0x00000000c0000000,0x00000000e2b58f00,0x00000000e2b80000)
 Metaspace       used 75293K, committed 76736K, reserved 1179648K
  class space    used 7841K, committed 8448K, reserved 1048576K
}
Event: 56.626 GC heap before
{Heap before GC invocations=497 (full 3):
 PSYoungGen      total 2560K, used 2031K [0x00000000eab00000, 0x00000000eaf00000, 0x0000000100000000)
  eden space 1536K, 99% used [0x00000000eab00000,0x00000000eac7ffe0,0x00000000eac80000)
  from space 1024K, 48% used [0x00000000ead00000,0x00000000ead7c010,0x00000000eae00000)
  to   space 1024K, 0% used [0x00000000eae00000,0x00000000eae00000,0x00000000eaf00000)
 ParOldGen       total 568832K, used 568675K [0x00000000c0000000, 0x00000000e2b80000, 0x00000000eab00000)
  object space 568832K, 99% used [0x00000000c0000000,0x00000000e2b58f00,0x00000000e2b80000)
 Metaspace       used 75293K, committed 76736K, reserved 1179648K
  class space    used 7841K, committed 8448K, reserved 1048576K
}
Event: 56.628 GC heap after
{Heap after GC invocations=497 (full 3):
 PSYoungGen      total 2048K, used 288K [0x00000000eab00000, 0x00000000eae80000, 0x0000000100000000)
  eden space 1536K, 0% used [0x00000000eab00000,0x00000000eab00000,0x00000000eac80000)
  from space 512K, 56% used [0x00000000eae00000,0x00000000eae48000,0x00000000eae80000)
  to   space 512K, 0% used [0x00000000ead80000,0x00000000ead80000,0x00000000eae00000)
 ParOldGen       total 568832K, used 568683K [0x00000000c0000000, 0x00000000e2b80000, 0x00000000eab00000)
  object space 568832K, 99% used [0x00000000c0000000,0x00000000e2b5af00,0x00000000e2b80000)
 Metaspace       used 75293K, committed 76736K, reserved 1179648K
  class space    used 7841K, committed 8448K, reserved 1048576K
}
Event: 56.903 GC heap before
{Heap before GC invocations=498 (full 3):
 PSYoungGen      total 2048K, used 1824K [0x00000000eab00000, 0x00000000eae80000, 0x0000000100000000)
  eden space 1536K, 100% used [0x00000000eab00000,0x00000000eac80000,0x00000000eac80000)
  from space 512K, 56% used [0x00000000eae00000,0x00000000eae48000,0x00000000eae80000)
  to   space 512K, 0% used [0x00000000ead80000,0x00000000ead80000,0x00000000eae00000)
 ParOldGen       total 568832K, used 568683K [0x00000000c0000000, 0x00000000e2b80000, 0x00000000eab00000)
  object space 568832K, 99% used [0x00000000c0000000,0x00000000e2b5af00,0x00000000e2b80000)
 Metaspace       used 75301K, committed 76736K, reserved 1179648K
  class space    used 7841K, committed 8448K, reserved 1048576K
}
Event: 56.904 GC heap after
{Heap after GC invocations=498 (full 3):
 PSYoungGen      total 2048K, used 416K [0x00000000eab00000, 0x00000000eae80000, 0x0000000100000000)
  eden space 1536K, 0% used [0x00000000eab00000,0x00000000eab00000,0x00000000eac80000)
  from space 512K, 81% used [0x00000000ead80000,0x00000000eade8000,0x00000000eae00000)
  to   space 512K, 0% used [0x00000000eae00000,0x00000000eae00000,0x00000000eae80000)
 ParOldGen       total 568832K, used 568691K [0x00000000c0000000, 0x00000000e2b80000, 0x00000000eab00000)
  object space 568832K, 99% used [0x00000000c0000000,0x00000000e2b5cf00,0x00000000e2b80000)
 Metaspace       used 75301K, committed 76736K, reserved 1179648K
  class space    used 7841K, committed 8448K, reserved 1048576K
}

Dll operation events (12 events):
Event: 0.039 Loaded shared library c:\Users\dhruv\.vscode\extensions\redhat.java-1.39.0-win32-x64\jre\21.0.5-win32-x86_64\bin\java.dll
Event: 0.120 Loaded shared library c:\Users\dhruv\.vscode\extensions\redhat.java-1.39.0-win32-x64\jre\21.0.5-win32-x86_64\bin\zip.dll
Event: 0.145 Loaded shared library C:\Users\dhruv\.vscode\extensions\redhat.java-1.39.0-win32-x64\jre\21.0.5-win32-x86_64\bin\instrument.dll
Event: 0.151 Loaded shared library C:\Users\dhruv\.vscode\extensions\redhat.java-1.39.0-win32-x64\jre\21.0.5-win32-x86_64\bin\net.dll
Event: 0.157 Loaded shared library C:\Users\dhruv\.vscode\extensions\redhat.java-1.39.0-win32-x64\jre\21.0.5-win32-x86_64\bin\nio.dll
Event: 0.162 Loaded shared library C:\Users\dhruv\.vscode\extensions\redhat.java-1.39.0-win32-x64\jre\21.0.5-win32-x86_64\bin\zip.dll
Event: 0.185 Loaded shared library C:\Users\dhruv\.vscode\extensions\redhat.java-1.39.0-win32-x64\jre\21.0.5-win32-x86_64\bin\jimage.dll
Event: 0.293 Loaded shared library c:\Users\dhruv\.vscode\extensions\redhat.java-1.39.0-win32-x64\jre\21.0.5-win32-x86_64\bin\verify.dll
Event: 6.262 Loaded shared library C:\Users\dhruv\AppData\Roaming\Code\User\globalStorage\redhat.java\1.39.0\config_win\org.eclipse.equinox.launcher\org.eclipse.equinox.launcher.win32.win32.x86_64_1.2.1100.v20240722-2106\eclipse_11904.dll
Event: 15.336 Loaded shared library C:\Users\dhruv\AppData\Local\Temp\jna-95563663\jna2773125441610999598.dll
Event: 16.553 Loaded shared library C:\Users\dhruv\.vscode\extensions\redhat.java-1.39.0-win32-x64\jre\21.0.5-win32-x86_64\bin\sunmscapi.dll
Event: 16.868 Loaded shared library C:\Users\dhruv\.vscode\extensions\redhat.java-1.39.0-win32-x64\jre\21.0.5-win32-x86_64\bin\extnet.dll

Deoptimization events (20 events):
Event: 55.062 Thread 0x00000269eedd0be0 DEOPT PACKING pc=0x00000269c88c8050 sp=0x000000a5f95fd9c0
Event: 55.062 Thread 0x00000269eedd0be0 DEOPT UNPACKING pc=0x00000269cece4242 sp=0x000000a5f95fce80 mode 0
Event: 55.063 Thread 0x00000269eedd0be0 DEOPT PACKING pc=0x00000269c88c8076 sp=0x000000a5f95fd9c0
Event: 55.063 Thread 0x00000269eedd0be0 DEOPT UNPACKING pc=0x00000269cece4242 sp=0x000000a5f95fce80 mode 0
Event: 55.090 Thread 0x00000269eedd0be0 Uncommon trap: trap_request=0xffffff45 fr.pc=0x00000269cf8a8090 relative=0x00000000000001f0
Event: 55.090 Thread 0x00000269eedd0be0 Uncommon trap: reason=unstable_if action=reinterpret pc=0x00000269cf8a8090 method=org.eclipse.jdt.core.Signature.checkArrayDimension([CII)I @ 8 c2
Event: 55.090 Thread 0x00000269eedd0be0 DEOPT PACKING pc=0x00000269cf8a8090 sp=0x000000a5f95fd770
Event: 55.090 Thread 0x00000269eedd0be0 DEOPT UNPACKING pc=0x00000269cece3aa2 sp=0x000000a5f95fd6f0 mode 2
Event: 55.090 Thread 0x00000269eedd0be0 Uncommon trap: trap_request=0xffffff45 fr.pc=0x00000269cf8b5e3c relative=0x0000000000000d3c
Event: 55.090 Thread 0x00000269eedd0be0 Uncommon trap: reason=unstable_if action=reinterpret pc=0x00000269cf8b5e3c method=org.eclipse.jdt.core.Signature.encodeQualifiedName([CIILjava/lang/StringBuilder;)I @ 16 c2
Event: 55.090 Thread 0x00000269eedd0be0 DEOPT PACKING pc=0x00000269cf8b5e3c sp=0x000000a5f95fd6f0
Event: 55.090 Thread 0x00000269eedd0be0 DEOPT UNPACKING pc=0x00000269cece3aa2 sp=0x000000a5f95fd6d0 mode 2
Event: 55.097 Thread 0x00000269eedd0be0 Uncommon trap: trap_request=0xffffffd6 fr.pc=0x00000269cfce942c relative=0x0000000000000c0c
Event: 55.097 Thread 0x00000269eedd0be0 Uncommon trap: reason=array_check action=maybe_recompile pc=0x00000269cfce942c method=com.google.gson.internal.$Gson$Types$ParameterizedTypeImpl.<init>(Ljava/lang/reflect/Type;Ljava/lang/reflect/Type;[Ljava/lang/reflect/Type;)V @ 136 c2
Event: 55.097 Thread 0x00000269eedd0be0 DEOPT PACKING pc=0x00000269cfce942c sp=0x000000a5f95fe4a0
Event: 55.097 Thread 0x00000269eedd0be0 DEOPT UNPACKING pc=0x00000269cece3aa2 sp=0x000000a5f95fe380 mode 2
Event: 55.189 Thread 0x00000269eedd0be0 Uncommon trap: trap_request=0xffffffe4 fr.pc=0x00000269cfd37b04 relative=0x00000000000003a4
Event: 55.189 Thread 0x00000269eedd0be0 Uncommon trap: reason=range_check action=make_not_entrant pc=0x00000269cfd37b04 method=org.eclipse.jdt.internal.compiler.parser.Scanner.pushLineSeparator()V @ 104 c2
Event: 55.189 Thread 0x00000269eedd0be0 DEOPT PACKING pc=0x00000269cfd37b04 sp=0x000000a5f95fec90
Event: 55.189 Thread 0x00000269eedd0be0 DEOPT UNPACKING pc=0x00000269cece3aa2 sp=0x000000a5f95fec30 mode 2

Classes loaded (20 events):
Event: 41.226 Loading class java/util/stream/IntPipeline$Head
Event: 41.227 Loading class java/util/stream/IntPipeline$Head done
Event: 41.227 Loading class java/util/stream/IntPipeline$1
Event: 41.227 Loading class java/util/stream/IntPipeline$1 done
Event: 41.227 Loading class java/util/stream/IntPipeline$1$1
Event: 41.227 Loading class java/util/stream/Sink$ChainedInt
Event: 41.227 Loading class java/util/stream/Sink$ChainedInt done
Event: 41.228 Loading class java/util/stream/IntPipeline$1$1 done
Event: 50.988 Loading class java/util/function/IntPredicate
Event: 50.988 Loading class java/util/function/IntPredicate done
Event: 50.988 Loading class java/util/stream/IntPipeline$10
Event: 50.989 Loading class java/util/stream/IntPipeline$10 done
Event: 50.989 Loading class java/util/stream/Nodes$IntSpinedNodeBuilder
Event: 50.989 Loading class java/util/stream/SpinedBuffer$OfInt
Event: 50.989 Loading class java/util/stream/SpinedBuffer$OfPrimitive
Event: 50.989 Loading class java/util/stream/SpinedBuffer$OfPrimitive done
Event: 50.989 Loading class java/util/stream/SpinedBuffer$OfInt done
Event: 50.991 Loading class java/util/stream/Nodes$IntSpinedNodeBuilder done
Event: 50.992 Loading class java/util/stream/IntPipeline$10$1
Event: 50.992 Loading class java/util/stream/IntPipeline$10$1 done

Classes unloaded (7 events):
Event: 15.796 Thread 0x00000269c44ce9f0 Unloading class 0x0000026981199c00 'java/lang/invoke/LambdaForm$MH+0x0000026981199c00'
Event: 15.796 Thread 0x00000269c44ce9f0 Unloading class 0x0000026981199800 'java/lang/invoke/LambdaForm$MH+0x0000026981199800'
Event: 15.796 Thread 0x00000269c44ce9f0 Unloading class 0x0000026981199400 'java/lang/invoke/LambdaForm$MH+0x0000026981199400'
Event: 15.796 Thread 0x00000269c44ce9f0 Unloading class 0x0000026981199000 'java/lang/invoke/LambdaForm$MH+0x0000026981199000'
Event: 15.796 Thread 0x00000269c44ce9f0 Unloading class 0x0000026981198c00 'java/lang/invoke/LambdaForm$BMH+0x0000026981198c00'
Event: 15.796 Thread 0x00000269c44ce9f0 Unloading class 0x0000026981198800 'java/lang/invoke/LambdaForm$DMH+0x0000026981198800'
Event: 15.796 Thread 0x00000269c44ce9f0 Unloading class 0x0000026981193400 'java/lang/invoke/LambdaForm$DMH+0x0000026981193400'

Classes redefined (0 events):
No events

Internal exceptions (20 events):
Event: 45.647 Thread 0x00000269eedd0be0 Exception <a 'java/lang/NoSuchMethodError'{0x00000000eab8fe78}: 'java.lang.Object java.lang.invoke.DirectMethodHandle$Holder.invokeStatic(java.lang.Object, int, java.lang.Object)'> (0x00000000eab8fe78) 
thrown [s\src\hotspot\share\interpreter\linkResolver.cpp, line 773]
Event: 50.943 Thread 0x00000269e37d95b0 Exception <a 'java/lang/ArrayIndexOutOfBoundsException'{0x00000000eabdd7d8}: Index 263 out of bounds for length 263> (0x00000000eabdd7d8) 
thrown [s\src\hotspot\share\interpreter\interpreterRuntime.cpp, line 439]
Event: 50.951 Thread 0x00000269e37d95b0 Exception <a 'java/lang/ArrayIndexOutOfBoundsException'{0x00000000eac84b30}: Index 263 out of bounds for length 263> (0x00000000eac84b30) 
thrown [s\src\hotspot\share\interpreter\interpreterRuntime.cpp, line 439]
Event: 50.952 Thread 0x00000269e37d95b0 Exception <a 'java/lang/ArrayIndexOutOfBoundsException'{0x00000000eac8d650}> (0x00000000eac8d650) 
thrown [s\src\hotspot\share\runtime\sharedRuntime.cpp, line 625]
Event: 50.952 Thread 0x00000269e37d95b0 Exception <a 'java/lang/ArrayIndexOutOfBoundsException'{0x00000000eac8de88}> (0x00000000eac8de88) 
thrown [s\src\hotspot\share\runtime\sharedRuntime.cpp, line 625]
Event: 51.235 Thread 0x00000269eedd46f0 Exception <a 'java/lang/ArrayIndexOutOfBoundsException'{0x00000000eac49780}> (0x00000000eac49780) 
thrown [s\src\hotspot\share\runtime\sharedRuntime.cpp, line 625]
Event: 51.448 Thread 0x00000269eedd46f0 Exception <a 'java/lang/ArrayIndexOutOfBoundsException'{0x00000000eabf6568}> (0x00000000eabf6568) 
thrown [s\src\hotspot\share\runtime\sharedRuntime.cpp, line 625]
Event: 51.960 Thread 0x00000269eedd0be0 Exception <a 'java/lang/ArrayIndexOutOfBoundsException'{0x00000000eaba3018}> (0x00000000eaba3018) 
thrown [s\src\hotspot\share\runtime\sharedRuntime.cpp, line 625]
Event: 52.066 Thread 0x00000269e37d95b0 Exception <a 'java/lang/ArrayIndexOutOfBoundsException'{0x00000000eac761e0}> (0x00000000eac761e0) 
thrown [s\src\hotspot\share\runtime\sharedRuntime.cpp, line 625]
Event: 52.068 Thread 0x00000269e37d95b0 Exception <a 'java/lang/ArrayIndexOutOfBoundsException'{0x00000000eace0200}> (0x00000000eace0200) 
thrown [s\src\hotspot\share\runtime\sharedRuntime.cpp, line 625]
Event: 52.068 Thread 0x00000269e37d95b0 Exception <a 'java/lang/ArrayIndexOutOfBoundsException'{0x00000000eace1a38}> (0x00000000eace1a38) 
thrown [s\src\hotspot\share\runtime\sharedRuntime.cpp, line 625]
Event: 52.068 Thread 0x00000269e37d95b0 Exception <a 'java/lang/ArrayIndexOutOfBoundsException'{0x00000000eace2278}> (0x00000000eace2278) 
thrown [s\src\hotspot\share\runtime\sharedRuntime.cpp, line 625]
Event: 52.253 Thread 0x00000269eedd46f0 Exception <a 'java/lang/ArrayIndexOutOfBoundsException'{0x00000000eac62730}> (0x00000000eac62730) 
thrown [s\src\hotspot\share\runtime\sharedRuntime.cpp, line 625]
Event: 52.800 Thread 0x00000269eedd46f0 Exception <a 'java/lang/ArrayIndexOutOfBoundsException'{0x00000000eabb6258}> (0x00000000eabb6258) 
thrown [s\src\hotspot\share\runtime\sharedRuntime.cpp, line 625]
Event: 53.287 Thread 0x00000269eedd46f0 Exception <a 'java/lang/NoSuchMethodError'{0x00000000eabd6f58}: 'void java.lang.invoke.DirectMethodHandle$Holder.invokeVirtual(java.lang.Object, java.lang.Object, java.lang.Object, java.lang.Object, java.lang.Object)'> (0x00000000eabd6f58) 
thrown [s\src\hotspot\share\interpreter\linkResolver.cpp, line 773]
Event: 53.413 Thread 0x00000269eedd46f0 Exception <a 'java/lang/ArrayIndexOutOfBoundsException'{0x00000000eac0b1d0}> (0x00000000eac0b1d0) 
thrown [s\src\hotspot\share\runtime\sharedRuntime.cpp, line 625]
Event: 55.055 Thread 0x00000269eedd0be0 Implicit null exception at 0x00000269cf8f99da to 0x00000269cf8f9a33
Event: 55.189 Thread 0x00000269eedd0be0 Exception <a 'java/lang/ArrayIndexOutOfBoundsException'{0x00000000ead7c5c8}: Index 294 out of bounds for length 293> (0x00000000ead7c5c8) 
thrown [s\src\hotspot\share\interpreter\interpreterRuntime.cpp, line 439]
Event: 56.041 Thread 0x00000269e05661f0 Exception <a 'sun/nio/fs/WindowsException'{0x00000000eacf50d0}> (0x00000000eacf50d0) 
thrown [s\src\hotspot\share\prims\jni.cpp, line 520]
Event: 56.120 Thread 0x00000269e05661f0 Exception <a 'sun/nio/fs/WindowsException'{0x00000000eab5ef48}> (0x00000000eab5ef48) 
thrown [s\src\hotspot\share\prims\jni.cpp, line 520]

ZGC Phase Switch (0 events):
No events

VM Operations (20 events):
Event: 56.060 Executing VM operation: ParallelGCFailedAllocation (Allocation Failure)
Event: 56.062 Executing VM operation: ParallelGCFailedAllocation (Allocation Failure) done
Event: 56.084 Executing VM operation: ParallelGCFailedAllocation (Allocation Failure)
Event: 56.086 Executing VM operation: ParallelGCFailedAllocation (Allocation Failure) done
Event: 56.093 Executing VM operation: ParallelGCFailedAllocation (Allocation Failure)
Event: 56.095 Executing VM operation: ParallelGCFailedAllocation (Allocation Failure) done
Event: 56.096 Executing VM operation: ParallelGCFailedAllocation (Allocation Failure)
Event: 56.100 Executing VM operation: ParallelGCFailedAllocation (Allocation Failure) done
Event: 56.125 Executing VM operation: ParallelGCFailedAllocation (Allocation Failure)
Event: 56.127 Executing VM operation: ParallelGCFailedAllocation (Allocation Failure) done
Event: 56.147 Executing VM operation: ParallelGCFailedAllocation (Allocation Failure)
Event: 56.148 Executing VM operation: ParallelGCFailedAllocation (Allocation Failure) done
Event: 56.452 Executing VM operation: ParallelGCFailedAllocation (Allocation Failure)
Event: 56.453 Executing VM operation: ParallelGCFailedAllocation (Allocation Failure) done
Event: 56.458 Executing VM operation: ParallelGCFailedAllocation (Allocation Failure)
Event: 56.459 Executing VM operation: ParallelGCFailedAllocation (Allocation Failure) done
Event: 56.626 Executing VM operation: ParallelGCFailedAllocation (Allocation Failure)
Event: 56.628 Executing VM operation: ParallelGCFailedAllocation (Allocation Failure) done
Event: 56.902 Executing VM operation: ParallelGCFailedAllocation (Allocation Failure)
Event: 56.904 Executing VM operation: ParallelGCFailedAllocation (Allocation Failure) done

Memory protections (0 events):
No events

Nmethod flushes (20 events):
Event: 20.219 Thread 0x00000269c44ce9f0 flushing  nmethod 0x00000269c816fb90
Event: 20.219 Thread 0x00000269c44ce9f0 flushing  nmethod 0x00000269c8171010
Event: 20.219 Thread 0x00000269c44ce9f0 flushing  nmethod 0x00000269c8173710
Event: 20.219 Thread 0x00000269c44ce9f0 flushing  nmethod 0x00000269c8185c90
Event: 20.219 Thread 0x00000269c44ce9f0 flushing  nmethod 0x00000269c8186290
Event: 20.219 Thread 0x00000269c44ce9f0 flushing  nmethod 0x00000269c8186990
Event: 20.219 Thread 0x00000269c44ce9f0 flushing  nmethod 0x00000269c8186e10
Event: 20.219 Thread 0x00000269c44ce9f0 flushing  nmethod 0x00000269c8187d90
Event: 20.219 Thread 0x00000269c44ce9f0 flushing  nmethod 0x00000269c8188890
Event: 20.219 Thread 0x00000269c44ce9f0 flushing  nmethod 0x00000269c8189110
Event: 20.219 Thread 0x00000269c44ce9f0 flushing  nmethod 0x00000269c818bb90
Event: 20.219 Thread 0x00000269c44ce9f0 flushing  nmethod 0x00000269c81c3c10
Event: 20.219 Thread 0x00000269c44ce9f0 flushing  nmethod 0x00000269c81cf710
Event: 20.219 Thread 0x00000269c44ce9f0 flushing  nmethod 0x00000269c81f8b10
Event: 20.219 Thread 0x00000269c44ce9f0 flushing  nmethod 0x00000269c823fd10
Event: 20.219 Thread 0x00000269c44ce9f0 flushing  nmethod 0x00000269c827c390
Event: 20.219 Thread 0x00000269c44ce9f0 flushing  nmethod 0x00000269c827e010
Event: 20.219 Thread 0x00000269c44ce9f0 flushing  nmethod 0x00000269c82a6190
Event: 20.219 Thread 0x00000269c44ce9f0 flushing  nmethod 0x00000269c82a6610
Event: 20.219 Thread 0x00000269c44ce9f0 flushing  nmethod 0x00000269c82ad990

Events (20 events):
Event: 42.458 Thread 0x00000269ef57ca60 Thread exited: 0x00000269ef57ca60
Event: 42.655 Thread 0x00000269da884ec0 Thread added: 0x00000269ef57b5f0
Event: 43.563 Thread 0x00000269ef57b5f0 Thread exited: 0x00000269ef57b5f0
Event: 43.851 Thread 0x00000269da8816d0 Thread added: 0x00000269ef57b5f0
Event: 44.219 Thread 0x00000269ef57b5f0 Thread exited: 0x00000269ef57b5f0
Event: 44.881 Thread 0x00000269da8816d0 Thread added: 0x00000269ef57d130
Event: 45.123 Thread 0x00000269ef57d130 Thread exited: 0x00000269ef57d130
Event: 45.631 Thread 0x00000269da884ec0 Thread added: 0x00000269ef57d130
Event: 45.631 Thread 0x00000269da884ec0 Thread added: 0x00000269ef57a180
Event: 45.700 Thread 0x00000269ef57a180 Thread added: 0x00000269ef57b5f0
Event: 50.769 Thread 0x00000269ef57b5f0 Thread exited: 0x00000269ef57b5f0
Event: 50.769 Thread 0x00000269ef57a180 Thread exited: 0x00000269ef57a180
Event: 50.919 Thread 0x00000269ef57d130 Thread exited: 0x00000269ef57d130
Event: 50.971 Thread 0x00000269da884ec0 Thread added: 0x00000269ef57a180
Event: 50.977 Thread 0x00000269ef57a180 Thread added: 0x00000269ef57d130
Event: 52.362 Thread 0x00000269ef57d130 Thread exited: 0x00000269ef57d130
Event: 53.280 Thread 0x00000269ef57a180 Thread added: 0x00000269ef57bcc0
Event: 53.467 Thread 0x00000269ef57bcc0 Thread exited: 0x00000269ef57bcc0
Event: 55.062 Thread 0x00000269ef57c390 Thread added: 0x00000269ef57bcc0
Event: 55.671 Thread 0x00000269ef57bcc0 Thread exited: 0x00000269ef57bcc0


Dynamic libraries:
0x00007ff712250000 - 0x00007ff71225e000 	c:\Users\dhruv\.vscode\extensions\redhat.java-1.39.0-win32-x64\jre\21.0.5-win32-x86_64\bin\java.exe
0x00007ff9929e0000 - 0x00007ff992c43000 	C:\WINDOWS\SYSTEM32\ntdll.dll
0x00007ff990a20000 - 0x00007ff990ae7000 	C:\WINDOWS\System32\KERNEL32.DLL
0x00007ff98fd80000 - 0x00007ff990147000 	C:\WINDOWS\System32\KERNELBASE.dll
0x00007ff990210000 - 0x00007ff99035c000 	C:\WINDOWS\System32\ucrtbase.dll
0x00007ff975e20000 - 0x00007ff975e3e000 	c:\Users\dhruv\.vscode\extensions\redhat.java-1.39.0-win32-x64\jre\21.0.5-win32-x86_64\bin\VCRUNTIME140.dll
0x00007ff976580000 - 0x00007ff976598000 	c:\Users\dhruv\.vscode\extensions\redhat.java-1.39.0-win32-x64\jre\21.0.5-win32-x86_64\bin\jli.dll
0x00007ff9919f0000 - 0x00007ff991bb9000 	C:\WINDOWS\System32\USER32.dll
0x00007ff9907f0000 - 0x00007ff990817000 	C:\WINDOWS\System32\win32u.dll
0x00007ff9706b0000 - 0x00007ff970940000 	C:\WINDOWS\WinSxS\amd64_microsoft.windows.common-controls_6595b64144ccf1df_6.0.26100.3037_none_3e09262ce333c378\COMCTL32.dll
0x00007ff992860000 - 0x00007ff99288a000 	C:\WINDOWS\System32\GDI32.dll
0x00007ff990d40000 - 0x00007ff990de9000 	C:\WINDOWS\System32\msvcrt.dll
0x00007ff9906c0000 - 0x00007ff9907eb000 	C:\WINDOWS\System32\gdi32full.dll
0x00007ff990610000 - 0x00007ff9906b3000 	C:\WINDOWS\System32\msvcp_win.dll
0x00007ff991bc0000 - 0x00007ff991bef000 	C:\WINDOWS\System32\IMM32.DLL
0x00007ff985670000 - 0x00007ff98567c000 	c:\Users\dhruv\.vscode\extensions\redhat.java-1.39.0-win32-x64\jre\21.0.5-win32-x86_64\bin\vcruntime140_1.dll
0x00007ff95ad90000 - 0x00007ff95ae1d000 	c:\Users\dhruv\.vscode\extensions\redhat.java-1.39.0-win32-x64\jre\21.0.5-win32-x86_64\bin\msvcp140.dll
0x00007ff90f9d0000 - 0x00007ff91075f000 	c:\Users\dhruv\.vscode\extensions\redhat.java-1.39.0-win32-x64\jre\21.0.5-win32-x86_64\bin\server\jvm.dll
0x00007ff990950000 - 0x00007ff990a04000 	C:\WINDOWS\System32\ADVAPI32.dll
0x00007ff990820000 - 0x00007ff9908c6000 	C:\WINDOWS\System32\sechost.dll
0x00007ff992560000 - 0x00007ff992676000 	C:\WINDOWS\System32\RPCRT4.dll
0x00007ff9908d0000 - 0x00007ff990944000 	C:\WINDOWS\System32\WS2_32.dll
0x00007ff98fc30000 - 0x00007ff98fc7e000 	C:\WINDOWS\SYSTEM32\POWRPROF.dll
0x00007ff97eec0000 - 0x00007ff97eef6000 	C:\WINDOWS\SYSTEM32\WINMM.dll
0x00007ff988770000 - 0x00007ff98877b000 	C:\WINDOWS\SYSTEM32\VERSION.dll
0x00007ff98fc10000 - 0x00007ff98fc24000 	C:\WINDOWS\SYSTEM32\UMPDC.dll
0x00007ff98eb70000 - 0x00007ff98eb8a000 	C:\WINDOWS\SYSTEM32\kernel.appcore.dll
0x00007ff9757d0000 - 0x00007ff9757da000 	c:\Users\dhruv\.vscode\extensions\redhat.java-1.39.0-win32-x64\jre\21.0.5-win32-x86_64\bin\jimage.dll
0x00007ff985d40000 - 0x00007ff985f81000 	C:\WINDOWS\SYSTEM32\DBGHELP.DLL
0x00007ff9921d0000 - 0x00007ff99254e000 	C:\WINDOWS\System32\combase.dll
0x00007ff992680000 - 0x00007ff992756000 	C:\WINDOWS\System32\OLEAUT32.dll
0x00007ff978870000 - 0x00007ff9788a9000 	C:\WINDOWS\SYSTEM32\dbgcore.DLL
0x00007ff9904e0000 - 0x00007ff990579000 	C:\WINDOWS\System32\bcryptPrimitives.dll
0x00007ff96fd90000 - 0x00007ff96fd9f000 	c:\Users\dhruv\.vscode\extensions\redhat.java-1.39.0-win32-x64\jre\21.0.5-win32-x86_64\bin\instrument.dll
0x00007ff96cf00000 - 0x00007ff96cf1f000 	c:\Users\dhruv\.vscode\extensions\redhat.java-1.39.0-win32-x64\jre\21.0.5-win32-x86_64\bin\java.dll
0x00007ff990df0000 - 0x00007ff9914f4000 	C:\WINDOWS\System32\SHELL32.dll
0x00007ff98da60000 - 0x00007ff98e297000 	C:\WINDOWS\SYSTEM32\windows.storage.dll
0x00007ff991900000 - 0x00007ff9919e9000 	C:\WINDOWS\System32\SHCORE.dll
0x00007ff990cc0000 - 0x00007ff990d1d000 	C:\WINDOWS\System32\shlwapi.dll
0x00007ff98fc90000 - 0x00007ff98fcbe000 	C:\WINDOWS\SYSTEM32\profapi.dll
0x00007ff9680c0000 - 0x00007ff9680d8000 	c:\Users\dhruv\.vscode\extensions\redhat.java-1.39.0-win32-x64\jre\21.0.5-win32-x86_64\bin\zip.dll
0x00007ff96e210000 - 0x00007ff96e220000 	C:\Users\dhruv\.vscode\extensions\redhat.java-1.39.0-win32-x64\jre\21.0.5-win32-x86_64\bin\net.dll
0x00007ff988be0000 - 0x00007ff988cfe000 	C:\WINDOWS\SYSTEM32\WINHTTP.dll
0x00007ff98f060000 - 0x00007ff98f0c8000 	C:\WINDOWS\system32\mswsock.dll
0x00007ff95dc70000 - 0x00007ff95dc86000 	C:\Users\dhruv\.vscode\extensions\redhat.java-1.39.0-win32-x64\jre\21.0.5-win32-x86_64\bin\nio.dll
0x00007ff96e1e0000 - 0x00007ff96e1f0000 	c:\Users\dhruv\.vscode\extensions\redhat.java-1.39.0-win32-x64\jre\21.0.5-win32-x86_64\bin\verify.dll
0x00007ff939e80000 - 0x00007ff939ec5000 	C:\Users\dhruv\AppData\Roaming\Code\User\globalStorage\redhat.java\1.39.0\config_win\org.eclipse.equinox.launcher\org.eclipse.equinox.launcher.win32.win32.x86_64_1.2.1100.v20240722-2106\eclipse_11904.dll
0x00007ff991760000 - 0x00007ff9918f5000 	C:\WINDOWS\System32\ole32.dll
0x00007ff98f2f0000 - 0x00007ff98f30c000 	C:\WINDOWS\SYSTEM32\CRYPTSP.dll
0x00007ff98ead0000 - 0x00007ff98eb08000 	C:\WINDOWS\system32\rsaenh.dll
0x00007ff98f100000 - 0x00007ff98f12b000 	C:\WINDOWS\SYSTEM32\USERENV.dll
0x00007ff98f5a0000 - 0x00007ff98f5c6000 	C:\WINDOWS\SYSTEM32\bcrypt.dll
0x00007ff98f2a0000 - 0x00007ff98f2ac000 	C:\WINDOWS\SYSTEM32\CRYPTBASE.dll
0x00007ff98e590000 - 0x00007ff98e5c2000 	C:\WINDOWS\SYSTEM32\IPHLPAPI.DLL
0x00007ff9920b0000 - 0x00007ff9920ba000 	C:\WINDOWS\System32\NSI.dll
0x00007ff92f590000 - 0x00007ff92f5d9000 	C:\Users\dhruv\AppData\Local\Temp\jna-95563663\jna2773125441610999598.dll
0x00007ff992090000 - 0x00007ff992098000 	C:\WINDOWS\System32\PSAPI.DLL
0x00007ff989e70000 - 0x00007ff989e8f000 	C:\WINDOWS\SYSTEM32\dhcpcsvc6.DLL
0x00007ff9891a0000 - 0x00007ff9891c5000 	C:\WINDOWS\SYSTEM32\dhcpcsvc.DLL
0x00007ff96a9f0000 - 0x00007ff96a9fe000 	C:\Users\dhruv\.vscode\extensions\redhat.java-1.39.0-win32-x64\jre\21.0.5-win32-x86_64\bin\sunmscapi.dll
0x00007ff990360000 - 0x00007ff9904d6000 	C:\WINDOWS\System32\CRYPT32.dll
0x00007ff98f560000 - 0x00007ff98f590000 	C:\WINDOWS\SYSTEM32\ncrypt.dll
0x00007ff98f510000 - 0x00007ff98f54f000 	C:\WINDOWS\SYSTEM32\NTASN1.dll
0x00007ff98e5d0000 - 0x00007ff98e6f5000 	C:\WINDOWS\SYSTEM32\DNSAPI.dll
0x00007ff987900000 - 0x00007ff98790b000 	C:\Windows\System32\rasadhlp.dll
0x00007ff9875c0000 - 0x00007ff987645000 	C:\WINDOWS\System32\fwpuclnt.dll
0x00007ff9680b0000 - 0x00007ff9680b9000 	C:\Users\dhruv\.vscode\extensions\redhat.java-1.39.0-win32-x64\jre\21.0.5-win32-x86_64\bin\extnet.dll

dbghelp: loaded successfully - version: 4.0.5 - missing functions: none
symbol engine: initialized successfully - sym options: 0x614 - pdb path: .;c:\Users\dhruv\.vscode\extensions\redhat.java-1.39.0-win32-x64\jre\21.0.5-win32-x86_64\bin;C:\WINDOWS\SYSTEM32;C:\WINDOWS\WinSxS\amd64_microsoft.windows.common-controls_6595b64144ccf1df_6.0.26100.3037_none_3e09262ce333c378;c:\Users\dhruv\.vscode\extensions\redhat.java-1.39.0-win32-x64\jre\21.0.5-win32-x86_64\bin\server;C:\Users\dhruv\AppData\Roaming\Code\User\globalStorage\redhat.java\1.39.0\config_win\org.eclipse.equinox.launcher\org.eclipse.equinox.launcher.win32.win32.x86_64_1.2.1100.v20240722-2106;C:\Users\dhruv\AppData\Local\Temp\jna-95563663

VM Arguments:
jvm_args: --add-modules=ALL-SYSTEM --add-opens=java.base/java.util=ALL-UNNAMED --add-opens=java.base/java.lang=ALL-UNNAMED --add-opens=java.base/sun.nio.fs=ALL-UNNAMED -Declipse.application=org.eclipse.jdt.ls.core.id1 -Dosgi.bundles.defaultStartLevel=4 -Declipse.product=org.eclipse.jdt.ls.core.product -Djava.import.generatesMetadataFilesAtProjectRoot=false -DDetectVMInstallationsJob.disabled=true -Dfile.encoding=utf8 -XX:+UseParallelGC -XX:GCTimeRatio=4 -XX:AdaptiveSizePolicyWeight=90 -Dsun.zip.disableMemoryMapping=true -Xmx1G -Xms100m -Xlog:disable -javaagent:c:\Users\dhruv\.vscode\extensions\redhat.java-1.39.0-win32-x64\lombok\lombok-1.18.34.jar -XX:+HeapDumpOnOutOfMemoryError -XX:HeapDumpPath=c:\Users\dhruv\AppData\Roaming\Code\User\workspaceStorage\d80fb5c94f2c9e2fe668ef71fe65d4a2\redhat.java -Daether.dependencyCollector.impl=bf 
java_command: c:\Users\dhruv\.vscode\extensions\redhat.java-1.39.0-win32-x64\server\plugins\org.eclipse.equinox.launcher_1.6.900.v20240613-2009.jar -configuration c:\Users\dhruv\AppData\Roaming\Code\User\globalStorage\redhat.java\1.39.0\config_win -data c:\Users\dhruv\AppData\Roaming\Code\User\workspaceStorage\d80fb5c94f2c9e2fe668ef71fe65d4a2\redhat.java\jdt_ws --pipe=\\.\pipe\lsp-f985363482994b3475101afdfd38c5a8-sock
java_class_path (initial): c:\Users\dhruv\.vscode\extensions\redhat.java-1.39.0-win32-x64\server\plugins\org.eclipse.equinox.launcher_1.6.900.v20240613-2009.jar
Launcher Type: SUN_STANDARD

[Global flags]
    uintx AdaptiveSizePolicyWeight                 = 90                                        {product} {command line}
     intx CICompilerCount                          = 12                                        {product} {ergonomic}
    uintx GCTimeRatio                              = 4                                         {product} {command line}
     bool HeapDumpOnOutOfMemoryError               = true                                   {manageable} {command line}
    ccstr HeapDumpPath                             = c:\Users\dhruv\AppData\Roaming\Code\User\workspaceStorage\d80fb5c94f2c9e2fe668ef71fe65d4a2\redhat.java         {manageable} {command line}
   size_t InitialHeapSize                          = 104857600                                 {product} {command line}
   size_t MaxHeapSize                              = 1073741824                                {product} {command line}
   size_t MaxNewSize                               = 357564416                                 {product} {ergonomic}
   size_t MinHeapDeltaBytes                        = 524288                                    {product} {ergonomic}
   size_t MinHeapSize                              = 104857600                                 {product} {command line}
   size_t NewSize                                  = 34603008                                  {product} {ergonomic}
    uintx NonNMethodCodeHeapSize                   = 7602480                                {pd product} {ergonomic}
    uintx NonProfiledCodeHeapSize                  = 122027880                              {pd product} {ergonomic}
   size_t OldSize                                  = 70254592                                  {product} {ergonomic}
    uintx ProfiledCodeHeapSize                     = 122027880                              {pd product} {ergonomic}
    uintx ReservedCodeCacheSize                    = 251658240                              {pd product} {ergonomic}
     bool SegmentedCodeCache                       = true                                      {product} {ergonomic}
   size_t SoftMaxHeapSize                          = 1073741824                             {manageable} {ergonomic}
     bool UseCompressedOops                        = true                           {product lp64_product} {ergonomic}
     bool UseLargePagesIndividualAllocation        = false                                  {pd product} {ergonomic}
     bool UseParallelGC                            = true                                      {product} {command line}

Logging:
Log output configuration:
 #0: stdout all=off uptime,level,tags foldmultilines=false
 #1: stderr all=off uptime,level,tags foldmultilines=false

Environment Variables:
CLASSPATH=C:\mysql-connector-j-8.3.0.jar
PATH=C:\Program Files (x86)\NVIDIA Corporation\PhysX\Common;C:\Program Files\Common Files\Oracle\Java\javapath;C:\WINDOWS\system32;C:\WINDOWS;C:\WINDOWS\System32\Wbem;C:\WINDOWS\System32\WindowsPowerShell\v1.0\;C:\WINDOWS\System32\OpenSSH\;C:\Program Files\nodejs\;C:\Program Files\Git\cmd;C:\Program Files\swipl\bin;C:\Program Files\Kubernetes\Minikube;C:\Program Files\Docker\Docker\resources\bin;C:\WINDOWS\system32;C:\WINDOWS;C:\WINDOWS\System32\Wbem;C:\WINDOWS\System32\WindowsPowerShell\v1.0\;C:\WINDOWS\System32\OpenSSH\;C:\Program Files\MySQL\MySQL Shell 8.0\bin\;C:\Users\dhruv\AppData\Local\Programs\Python\Python311\Scripts\;C:\Users\dhruv\AppData\Local\Programs\Python\Python311\;C:\WINDOWS\system32\config\systemprofile\AppData\Local\Microsoft\WindowsApps;C:\Users\dhruv\AppData\Local\Programs\Microsoft VS Code\bin;C:\Users\dhruv\AppData\Roaming\npm;C:\xampp\php;C:\Users\dhruv\composer;C:\Users\dhruv\AppData\Roaming\Composer\vendor\bin;C:\Users\dhruv\AppData\Local\GitHubDesktop\bin;C:\Users\dhruv\AppData\Local\Programs\Lens\resources\cli\bin;%USERPROFILE%\AppData\Local\Microsoft\WindowsApps;
USERNAME=dhruv
OS=Windows_NT
PROCESSOR_IDENTIFIER=AMD64 Family 25 Model 80 Stepping 0, AuthenticAMD
TMP=C:\Users\dhruv\AppData\Local\Temp
TEMP=C:\Users\dhruv\AppData\Local\Temp




Periodic native trim disabled

---------------  S Y S T E M  ---------------

OS:
 Windows 11 , 64 bit Build 26100 (10.0.26100.3037)
OS uptime: 11 days 1:33 hours
Hyper-V role detected

CPU: total 16 (initial active 16) (16 cores per cpu, 2 threads per core) family 25 model 80 stepping 0 microcode 0xa50000d, cx8, cmov, fxsr, ht, mmx, 3dnowpref, sse, sse2, sse3, ssse3, sse4a, sse4.1, sse4.2, popcnt, lzcnt, tsc, tscinvbit, avx, avx2, aes, erms, clmul, bmi1, bmi2, adx, sha, fma, vzeroupper, clflush, clflushopt, hv, rdtscp, rdpid, fsrm, f16c, cet_ss
Processor Information for processor 0
  Max Mhz: 3201, Current Mhz: 1990, Mhz Limit: 3201
Processor Information for processor 1
  Max Mhz: 3201, Current Mhz: 1990, Mhz Limit: 3201
Processor Information for processor 2
  Max Mhz: 3201, Current Mhz: 1990, Mhz Limit: 3201
Processor Information for processor 3
  Max Mhz: 3201, Current Mhz: 3201, Mhz Limit: 3201
Processor Information for processor 4
  Max Mhz: 3201, Current Mhz: 1990, Mhz Limit: 3201
Processor Information for processor 5
  Max Mhz: 3201, Current Mhz: 1990, Mhz Limit: 3201
Processor Information for processor 6
  Max Mhz: 3201, Current Mhz: 3201, Mhz Limit: 3201
Processor Information for processor 7
  Max Mhz: 3201, Current Mhz: 3201, Mhz Limit: 3201
Processor Information for processor 8
  Max Mhz: 3201, Current Mhz: 1990, Mhz Limit: 3201
Processor Information for processor 9
  Max Mhz: 3201, Current Mhz: 1990, Mhz Limit: 3201
Processor Information for processor 10
  Max Mhz: 3201, Current Mhz: 1990, Mhz Limit: 3201
Processor Information for processor 11
  Max Mhz: 3201, Current Mhz: 3201, Mhz Limit: 3201
Processor Information for processor 12
  Max Mhz: 3201, Current Mhz: 3201, Mhz Limit: 3201
Processor Information for processor 13
  Max Mhz: 3201, Current Mhz: 1990, Mhz Limit: 3201
Processor Information for processor 14
  Max Mhz: 3201, Current Mhz: 1990, Mhz Limit: 3201
Processor Information for processor 15
  Max Mhz: 3201, Current Mhz: 3201, Mhz Limit: 3201

Memory: 4k page, system-wide physical 7521M (327M free)
TotalPageFile size 31073M (AvailPageFile size 15M)
current process WorkingSet (physical memory assigned to process): 549M, peak: 890M
current process commit charge ("private bytes"): 855M, peak: 868M

vm_info: OpenJDK 64-Bit Server VM (21.0.5+11-LTS) for windows-amd64 JRE (21.0.5+11-LTS), built on 2024-10-15T00:00:00Z by "admin" with MS VC++ 17.7 (VS2022)

END.
